<?xml version="1.0" encoding="UTF-8"?>
<!-- Generated by org.testng.reporters.JUnitXMLReporter -->
<testsuite hostname="Bender-ПК" name="AddProductTest" tests="3" failures="2" timestamp="29 Apr 2015 05:49:17 GMT" time="60.55" errors="0">
  <testcase name="addProductTest" time="46.228" classname="com.qtpselenium.suiteShop.AddProductTest">
    <failure type="java.lang.NullPointerException">
      <![CDATA[java.lang.NullPointerException
	at com.qtpselenium.suiteShop.AddProductTest.addProductTest(AddProductTest.java:90)
... Removed 24 stack frames]]>
    </failure>
  </testcase> <!-- addProductTest -->
  <testcase name="addProductTest" time="11.482" classname="com.qtpselenium.suiteShop.AddProductTest">
    <failure type="org.openqa.selenium.ElementNotVisibleException" message="Element is not currently visible and so may not be interacted with
Command duration or timeout: 5.11 seconds
Build info: version: &amp;apos;2.45.0&amp;apos;, revision: &amp;apos;32a636c&amp;apos;, time: &amp;apos;2015-03-05 22:01:35&amp;apos;
System info: host: &amp;apos;Bender-ПК&amp;apos;, ip: &amp;apos;10.0.0.14&amp;apos;, os.name: &amp;apos;Windows 7&amp;apos;, os.arch: &amp;apos;amd64&amp;apos;, os.version: &amp;apos;6.1&amp;apos;, java.version: &amp;apos;1.7.0_60&amp;apos;
Session ID: 71f71b0a-007c-430f-a538-d907e16e8922
Driver info: org.openqa.selenium.firefox.FirefoxDriver
Capabilities [{platform=WINDOWS, acceptSslCerts=true, javascriptEnabled=true, cssSelectorsEnabled=true, databaseEnabled=true, browserName=firefox, handlesAlerts=true, nativeEvents=false, webStorageEnabled=true, rotatable=false, locationContextEnabled=true, applicationCacheEnabled=true, takesScreenshot=true, version=36.0.1}]">
      <![CDATA[org.openqa.selenium.ElementNotVisibleException: Element is not currently visible and so may not be interacted with
Command duration or timeout: 5.11 seconds
Build info: version: '2.45.0', revision: '32a636c', time: '2015-03-05 22:01:35'
System info: host: 'Bender-ПК', ip: '10.0.0.14', os.name: 'Windows 7', os.arch: 'amd64', os.version: '6.1', java.version: '1.7.0_60'
Session ID: 71f71b0a-007c-430f-a538-d907e16e8922
Driver info: org.openqa.selenium.firefox.FirefoxDriver
Capabilities [{platform=WINDOWS, acceptSslCerts=true, javascriptEnabled=true, cssSelectorsEnabled=true, databaseEnabled=true, browserName=firefox, handlesAlerts=true, nativeEvents=false, webStorageEnabled=true, rotatable=false, locationContextEnabled=true, applicationCacheEnabled=true, takesScreenshot=true, version=36.0.1}]
	at org.openqa.selenium.remote.ErrorHandler.createThrowable(ErrorHandler.java:204)
	at org.openqa.selenium.remote.ErrorHandler.throwIfResponseFailed(ErrorHandler.java:156)
	at org.openqa.selenium.remote.RemoteWebDriver.execute(RemoteWebDriver.java:599)
	at org.openqa.selenium.remote.RemoteWebElement.execute(RemoteWebElement.java:268)
	at org.openqa.selenium.remote.RemoteWebElement.sendKeys(RemoteWebElement.java:89)
	at com.qtpselenium.suiteShop.AddProductTest.addProductTest(AddProductTest.java:57)
Caused by: org.openqa.selenium.ElementNotVisibleException: Element is not currently visible and so may not be interacted with
Build info: version: '2.45.0', revision: '32a636c', time: '2015-03-05 22:01:35'
System info: host: 'Bender-ПК', ip: '10.0.0.14', os.name: 'Windows 7', os.arch: 'amd64', os.version: '6.1', java.version: '1.7.0_60'
Driver info: driver.version: unknown
	at <anonymous class>.fxdriver.preconditions.visible(file:///C:/Users/Bender/AppData/Local/Temp/anonymous7110525440679681748webdriver-profile/extensions/fxdriver@googlecode.com/components/command-processor.js:9587)
	at <anonymous class>.DelayedCommand.prototype.checkPreconditions_(file:///C:/Users/Bender/AppData/Local/Temp/anonymous7110525440679681748webdriver-profile/extensions/fxdriver@googlecode.com/components/command-processor.js:12257)
	at <anonymous class>.DelayedCommand.prototype.executeInternal_/h(file:///C:/Users/Bender/AppData/Local/Temp/anonymous7110525440679681748webdriver-profile/extensions/fxdriver@googlecode.com/components/command-processor.js:12274)
	at <anonymous class>.fxdriver.Timer.prototype.setTimeout/<.notify(file:///C:/Users/Bender/AppData/Local/Temp/anonymous7110525440679681748webdriver-profile/extensions/fxdriver@googlecode.com/components/command-processor.js:603)
... Removed 28 stack frames]]>
    </failure>
  </testcase> <!-- addProductTest -->
  <testcase name="addProductTest" time="0.0" classname="com.qtpselenium.suiteShop.AddProductTest">
    <skipped/>
  </testcase> <!-- addProductTest -->
</testsuite> <!-- AddProductTest -->
