<?xml version="1.0" encoding="UTF-8"?>
<!-- Generated by org.testng.reporters.JUnitXMLReporter -->
<testsuite hostname="Bender-ПК" name="Test C1" tests="1" failures="1" timestamp="29 Apr 2015 05:49:22 GMT" time="0.01" errors="0">
  <testcase name="@BeforeTest checkTestSkipped" time="0.0" classname="com.qtpselenium.suiteProductDisplay.TestCase_C1">
    <skipped/>
  </testcase> <!-- @BeforeTest checkTestSkipped -->
  <testcase name="testCase_C1" time="0.0" classname="com.qtpselenium.suiteProductDisplay.TestCase_C1">
    <failure type="org.testng.TestNGException" message="
The data provider is trying to pass 4 parameters but the method com.qtpselenium.suiteProductDisplay.TestCase_C1#testCase_C1 takes 0">
      <![CDATA[org.testng.TestNGException: 
The data provider is trying to pass 4 parameters but the method com.qtpselenium.suiteProductDisplay.TestCase_C1#testCase_C1 takes 0
... Removed 18 stack frames]]>
    </failure>
  </testcase> <!-- testCase_C1 -->
</testsuite> <!-- Test C1 -->
