<!DOCTYPE html PUBLIC "-//W3C//DTD XHTML 1.1//EN" "http://www.w3.org/TR/xhtml11/DTD/xhtml11.dtd">
<html xmlns="http://www.w3.org/1999/xhtml"><head><title>TestNG Report</title><style type="text/css">table {margin-bottom:10px;border-collapse:collapse;empty-cells:show}th,td {border:1px solid #009;padding:.25em .5em}th {vertical-align:bottom}td {vertical-align:top}table a {font-weight:bold}.stripe td {background-color: #E6EBF9}.num {text-align:right}.passedodd td {background-color: #3F3}.passedeven td {background-color: #0A0}.skippedodd td {background-color: #DDD}.skippedeven td {background-color: #CCC}.failedodd td,.attn {background-color: #F33}.failedeven td,.stripe .attn {background-color: #D00}.stacktrace {white-space:pre;font-family:monospace}.totop {font-size:85%;text-align:center;border-bottom:2px solid #000}</style></head><body><table><tr><th>Test</th><th># Passed</th><th># Skipped</th><th># Failed</th><th>Time (ms)</th><th>Included Groups</th><th>Excluded Groups</th></tr><tr><th colspan="7">SuiteProductDisplay</th></tr><tr><td><a href="#t0">Test C1</a></td><td class="num">0</td><td class="num">0</td><td class="num attn">1</td><td class="num">10</td><td></td><td></td></tr><tr class="stripe"><td><a href="#t1">Test C2</a></td><td class="num">0</td><td class="num">0</td><td class="num attn">1</td><td class="num">0</td><td></td><td></td></tr><tr><th colspan="7">SuiteShop</th></tr><tr><td><a href="#t2">AddProductTest</a></td><td class="num">0</td><td class="num attn">1</td><td class="num attn">2</td><td class="num">60†550</td><td></td><td></td></tr><tr class="stripe"><td><a href="#t3">CheckProductDisplay</a></td><td class="num">0</td><td class="num attn">1</td><td class="num">0</td><td class="num">0</td><td></td><td></td></tr><tr><td><a href="#t4">RandomSelection</a></td><td class="num">0</td><td class="num">0</td><td class="num attn">1</td><td class="num">10</td><td></td><td></td></tr><tr><th colspan="7">SuiteCart</th></tr><tr class="stripe"><td><a href="#t5">CheckTotal</a></td><td class="num">1</td><td class="num">0</td><td class="num">0</td><td class="num">4†522</td><td></td><td></td></tr><tr><td><a href="#t6">Test B2</a></td><td class="num">0</td><td class="num">0</td><td class="num attn">1</td><td class="num">10</td><td></td><td></td></tr><tr><th colspan="7">My suite</th></tr><tr><th>Total</th><th class="num">1</th><th class="num attn">2</th><th class="num attn">6</th><th class="num">65†102</th><th colspan="2"></th></tr></table><table><thead><tr><th>Class</th><th>Method</th><th>Start</th><th>Time (ms)</th></tr></thead><tbody><tr><th colspan="4">SuiteProductDisplay</th></tr></tbody><tbody id="t0"><tr><th colspan="4">Test C1 &#8212; failed</th></tr><tr class="failedeven"><td rowspan="1">com.qtpselenium.suiteProductDisplay.TestCase_C1</td><td><a href="#m0">testCase_C1</a></td><td rowspan="1">1430286562597</td><td rowspan="1">0</td></tr><tr><th colspan="4">Test C1 &#8212; skipped (configuration methods)</th></tr><tr class="skippedeven"><td rowspan="1">com.qtpselenium.suiteProductDisplay.TestCase_C1</td><td><a href="#m1">checkTestSkipped</a></td><td rowspan="1">1430286562587</td><td rowspan="1">0</td></tr></tbody><tbody id="t1"><tr><th colspan="4">Test C2 &#8212; failed</th></tr><tr class="failedeven"><td rowspan="1">com.qtpselenium.suiteProductDisplay.TestCase_C2</td><td><a href="#m2">testCase_C2</a></td><td rowspan="1">1430286562617</td><td rowspan="1">0</td></tr><tr><th colspan="4">Test C2 &#8212; skipped (configuration methods)</th></tr><tr class="skippedeven"><td rowspan="1">com.qtpselenium.suiteProductDisplay.TestCase_C2</td><td><a href="#m3">checkTestSkipped</a></td><td rowspan="1">1430286562617</td><td rowspan="1">0</td></tr></tbody><tbody><tr><th colspan="4">SuiteShop</th></tr></tbody><tbody id="t2"><tr><th colspan="4">AddProductTest &#8212; failed</th></tr><tr class="failedeven"><td rowspan="2">com.qtpselenium.suiteShop.AddProductTest</td><td><a href="#m4">addProductTest</a></td><td rowspan="2">1430286497375</td><td rowspan="2">46228</td></tr><tr class="failedeven"><td><a href="#m5">addProductTest</a></td></tr><tr><th colspan="4">AddProductTest &#8212; skipped</th></tr><tr class="skippedeven"><td rowspan="1">com.qtpselenium.suiteShop.AddProductTest</td><td><a href="#m6">addProductTest</a></td><td rowspan="1">1430286557625</td><td rowspan="1">0</td></tr></tbody><tbody id="t3"><tr><th colspan="4">CheckProductDisplay &#8212; skipped (configuration methods)</th></tr><tr class="skippedeven"><td rowspan="3">com.qtpselenium.suiteShop.CheckProductDisplay</td><td><a href="#m7">checkTestSkipped</a></td><td rowspan="1">1430286558005</td><td rowspan="1">0</td></tr><tr class="skippedeven"><td><a href="#m8">reportTestResult</a></td><td rowspan="1">1430286558005</td><td rowspan="1">0</td></tr><tr class="skippedeven"><td><a href="#m9">setDataResult</a></td><td rowspan="1">1430286558005</td><td rowspan="1">0</td></tr><tr><th colspan="4">CheckProductDisplay &#8212; skipped</th></tr><tr class="skippedeven"><td rowspan="1">com.qtpselenium.suiteShop.CheckProductDisplay</td><td><a href="#m10">checkProductDisplay</a></td><td rowspan="1">1430286558005</td><td rowspan="1">0</td></tr></tbody><tbody id="t4"><tr><th colspan="4">RandomSelection &#8212; failed</th></tr><tr class="failedeven"><td rowspan="1">com.qtpselenium.suiteShop.RandomSelection</td><td><a href="#m11">randomSelection</a></td><td rowspan="1">1430286558015</td><td rowspan="1">0</td></tr><tr><th colspan="4">RandomSelection &#8212; skipped (configuration methods)</th></tr><tr class="skippedeven"><td rowspan="2">com.qtpselenium.suiteShop.RandomSelection</td><td><a href="#m12">checkTestSkipped</a></td><td rowspan="1">1430286558005</td><td rowspan="1">0</td></tr><tr class="skippedeven"><td><a href="#m13">reportTestResult</a></td><td rowspan="1">1430286558015</td><td rowspan="1">0</td></tr></tbody><tbody><tr><th colspan="4">SuiteCart</th></tr></tbody><tbody id="t5"><tr><th colspan="4">CheckTotal &#8212; passed</th></tr><tr class="passedeven"><td rowspan="1">com.qtpselenium.suiteCart.CheckTotal</td><td><a href="#m14">CheckTotal</a></td><td rowspan="1">1430286558025</td><td rowspan="1">4332</td></tr></tbody><tbody id="t6"><tr><th colspan="4">Test B2 &#8212; failed</th></tr><tr class="failedeven"><td rowspan="1">com.qtpselenium.suiteCart.TestCase_B2</td><td><a href="#m15">testCase_B2</a></td><td rowspan="1">1430286562577</td><td rowspan="1">0</td></tr><tr><th colspan="4">Test B2 &#8212; skipped (configuration methods)</th></tr><tr class="skippedeven"><td rowspan="1">com.qtpselenium.suiteCart.TestCase_B2</td><td><a href="#m16">checkTestSkipped</a></td><td rowspan="1">1430286562567</td><td rowspan="1">0</td></tr></tbody><tbody><tr><th colspan="4">My suite</th></tr></tbody></table><h2>Test C1</h2><h3 id="m0">com.qtpselenium.suiteProductDisplay.TestCase_C1#testCase_C1</h3><table class="result"><tr><th>Exception</th></tr><tr><td><div class="stacktrace">org.testng.TestNGException: 
The data provider is trying to pass 4 parameters but the method com.qtpselenium.suiteProductDisplay.TestCase_C1#testCase_C1 takes 0
... Removed 18 stack frames</div></td></tr></table><p class="totop"><a href="#summary">back to summary</a></p><h3 id="m1">com.qtpselenium.suiteProductDisplay.TestCase_C1#checkTestSkipped</h3><table class="result"><tr><th>Exception</th></tr><tr><td><div class="stacktrace">org.testng.SkipException: Skipping test case TestCase_C1 coz runmode is set to NO
	at com.qtpselenium.suiteProductDisplay.TestCase_C1.checkTestSkipped(TestCase_C1.java:17)
... Removed 22 stack frames</div></td></tr></table><p class="totop"><a href="#summary">back to summary</a></p><h2>Test C2</h2><h3 id="m2">com.qtpselenium.suiteProductDisplay.TestCase_C2#testCase_C2</h3><table class="result"><tr><th>Exception</th></tr><tr><td><div class="stacktrace">org.testng.TestNGException: 
Method public void com.qtpselenium.suiteProductDisplay.TestCase_C2.testCase_C2() requires a @DataProvider named : getTestData
... Removed 21 stack frames</div></td></tr></table><p class="totop"><a href="#summary">back to summary</a></p><h3 id="m3">com.qtpselenium.suiteProductDisplay.TestCase_C2#checkTestSkipped</h3><table class="result"><tr><th>Exception</th></tr><tr><td><div class="stacktrace">org.testng.SkipException: Skipping test case TestCase_C2 coz runmode is set to NO
	at com.qtpselenium.suiteProductDisplay.TestCase_C2.checkTestSkipped(TestCase_C2.java:17)
... Removed 22 stack frames</div></td></tr></table><p class="totop"><a href="#summary">back to summary</a></p><h2>AddProductTest</h2><h3 id="m4">com.qtpselenium.suiteShop.AddProductTest#addProductTest</h3><table class="result"><tr class="param"><th>Parameter #1</th><th>Parameter #2</th><th>Parameter #3</th><th>Parameter #4</th></tr><tr class="param stripe"><td>Safety Helmet</td><td></td><td></td><td>2</td></tr><tr><th colspan="4">Exception</th></tr><tr><td colspan="4"><div class="stacktrace">java.lang.NullPointerException
	at com.qtpselenium.suiteShop.AddProductTest.addProductTest(AddProductTest.java:90)
... Removed 24 stack frames</div></td></tr></table><p class="totop"><a href="#summary">back to summary</a></p><h3 id="m5">com.qtpselenium.suiteShop.AddProductTest#addProductTest</h3><table class="result"><tr class="param"><th>Parameter #1</th><th>Parameter #2</th><th>Parameter #3</th><th>Parameter #4</th></tr><tr class="param stripe"><td>Cowboy†Hat</td><td></td><td></td><td>3</td></tr><tr><th colspan="4">Exception</th></tr><tr><td colspan="4"><div class="stacktrace">org.openqa.selenium.ElementNotVisibleException: Element is not currently visible and so may not be interacted with
Command duration or timeout: 5.11 seconds
Build info: version: &apos;2.45.0&apos;, revision: &apos;32a636c&apos;, time: &apos;2015-03-05 22:01:35&apos;
System info: host: &apos;Bender-œ &apos;, ip: &apos;10.0.0.14&apos;, os.name: &apos;Windows 7&apos;, os.arch: &apos;amd64&apos;, os.version: &apos;6.1&apos;, java.version: &apos;1.7.0_60&apos;
Session ID: 71f71b0a-007c-430f-a538-d907e16e8922
Driver info: org.openqa.selenium.firefox.FirefoxDriver
Capabilities [{platform=WINDOWS, acceptSslCerts=true, javascriptEnabled=true, cssSelectorsEnabled=true, databaseEnabled=true, browserName=firefox, handlesAlerts=true, nativeEvents=false, webStorageEnabled=true, rotatable=false, locationContextEnabled=true, applicationCacheEnabled=true, takesScreenshot=true, version=36.0.1}]
	at org.openqa.selenium.remote.ErrorHandler.createThrowable(ErrorHandler.java:204)
	at org.openqa.selenium.remote.ErrorHandler.throwIfResponseFailed(ErrorHandler.java:156)
	at org.openqa.selenium.remote.RemoteWebDriver.execute(RemoteWebDriver.java:599)
	at org.openqa.selenium.remote.RemoteWebElement.execute(RemoteWebElement.java:268)
	at org.openqa.selenium.remote.RemoteWebElement.sendKeys(RemoteWebElement.java:89)
	at com.qtpselenium.suiteShop.AddProductTest.addProductTest(AddProductTest.java:57)
Caused by: org.openqa.selenium.ElementNotVisibleException: Element is not currently visible and so may not be interacted with
Build info: version: &apos;2.45.0&apos;, revision: &apos;32a636c&apos;, time: &apos;2015-03-05 22:01:35&apos;
System info: host: &apos;Bender-œ &apos;, ip: &apos;10.0.0.14&apos;, os.name: &apos;Windows 7&apos;, os.arch: &apos;amd64&apos;, os.version: &apos;6.1&apos;, java.version: &apos;1.7.0_60&apos;
Driver info: driver.version: unknown
	at &lt;anonymous class&gt;.fxdriver.preconditions.visible(file:///C:/Users/Bender/AppData/Local/Temp/anonymous7110525440679681748webdriver-profile/extensions/fxdriver@googlecode.com/components/command-processor.js:9587)
	at &lt;anonymous class&gt;.DelayedCommand.prototype.checkPreconditions_(file:///C:/Users/Bender/AppData/Local/Temp/anonymous7110525440679681748webdriver-profile/extensions/fxdriver@googlecode.com/components/command-processor.js:12257)
	at &lt;anonymous class&gt;.DelayedCommand.prototype.executeInternal_/h(file:///C:/Users/Bender/AppData/Local/Temp/anonymous7110525440679681748webdriver-profile/extensions/fxdriver@googlecode.com/components/command-processor.js:12274)
	at &lt;anonymous class&gt;.fxdriver.Timer.prototype.setTimeout/&lt;.notify(file:///C:/Users/Bender/AppData/Local/Temp/anonymous7110525440679681748webdriver-profile/extensions/fxdriver@googlecode.com/components/command-processor.js:603)
... Removed 28 stack frames</div></td></tr></table><p class="totop"><a href="#summary">back to summary</a></p><h3 id="m6">com.qtpselenium.suiteShop.AddProductTest#addProductTest</h3><table class="result"><tr class="param"><th>Parameter #1</th><th>Parameter #2</th><th>Parameter #3</th><th>Parameter #4</th></tr><tr class="param stripe"><td></td><td></td><td></td><td></td></tr><tr><th colspan="4">Exception</th></tr><tr><td colspan="4"><div class="stacktrace">org.testng.SkipException: Runmode for test is set to no  2
	at com.qtpselenium.suiteShop.AddProductTest.addProductTest(AddProductTest.java:43)
... Removed 24 stack frames</div></td></tr></table><p class="totop"><a href="#summary">back to summary</a></p><h2>CheckProductDisplay</h2><h3 id="m7">com.qtpselenium.suiteShop.CheckProductDisplay#checkTestSkipped</h3><table class="result"><tr><th>Exception</th></tr><tr><td><div class="stacktrace">org.testng.SkipException: Skipping test case CheckProductDisplay coz runmode is set to NO
	at com.qtpselenium.suiteShop.CheckProductDisplay.checkTestSkipped(CheckProductDisplay.java:34)
... Removed 22 stack frames</div></td></tr></table><p class="totop"><a href="#summary">back to summary</a></p><h3 id="m8">com.qtpselenium.suiteShop.CheckProductDisplay#reportTestResult</h3><table class="result"></table><p class="totop"><a href="#summary">back to summary</a></p><h3 id="m9">com.qtpselenium.suiteShop.CheckProductDisplay#setDataResult</h3><table class="result"></table><p class="totop"><a href="#summary">back to summary</a></p><h3 id="m10">com.qtpselenium.suiteShop.CheckProductDisplay#checkProductDisplay</h3><table class="result"></table><p class="totop"><a href="#summary">back to summary</a></p><h2>RandomSelection</h2><h3 id="m11">com.qtpselenium.suiteShop.RandomSelection#randomSelection</h3><table class="result"><tr><th>Exception</th></tr><tr><td><div class="stacktrace">org.testng.TestNGException: 
The data provider is trying to pass 0 parameters but the method com.qtpselenium.suiteShop.RandomSelection#randomSelection takes 3 and TestNG is unable in inject a suitable object
Caused by: java.lang.ArrayIndexOutOfBoundsException: 0
	... 17 more
... Removed 19 stack frames</div></td></tr></table><p class="totop"><a href="#summary">back to summary</a></p><h3 id="m12">com.qtpselenium.suiteShop.RandomSelection#checkTestSkipped</h3><table class="result"><tr><th>Exception</th></tr><tr><td><div class="stacktrace">org.testng.SkipException: Skipping test case RandomSelection coz runmode is set to NO
	at com.qtpselenium.suiteShop.RandomSelection.checkTestSkipped(RandomSelection.java:26)
... Removed 22 stack frames</div></td></tr></table><p class="totop"><a href="#summary">back to summary</a></p><h3 id="m13">com.qtpselenium.suiteShop.RandomSelection#reportTestResult</h3><table class="result"></table><p class="totop"><a href="#summary">back to summary</a></p><h2>CheckTotal</h2><h3 id="m14">com.qtpselenium.suiteCart.CheckTotal#CheckTotal</h3><table class="result"></table><p class="totop"><a href="#summary">back to summary</a></p><h2>Test B2</h2><h3 id="m15">com.qtpselenium.suiteCart.TestCase_B2#testCase_B2</h3><table class="result"><tr><th>Exception</th></tr><tr><td><div class="stacktrace">org.testng.TestNGException: 
The data provider is trying to pass 4 parameters but the method com.qtpselenium.suiteCart.TestCase_B2#testCase_B2 takes 0
... Removed 18 stack frames</div></td></tr></table><p class="totop"><a href="#summary">back to summary</a></p><h3 id="m16">com.qtpselenium.suiteCart.TestCase_B2#checkTestSkipped</h3><table class="result"><tr><th>Exception</th></tr><tr><td><div class="stacktrace">org.testng.SkipException: Skipping test case TestCase_B2 coz runmode is set to NO
	at com.qtpselenium.suiteCart.TestCase_B2.checkTestSkipped(TestCase_B2.java:17)
... Removed 22 stack frames</div></td></tr></table><p class="totop"><a href="#summary">back to summary</a></p></body></html>