<?xml version="1.0" encoding="UTF-8"?>
<!-- Generated by org.testng.reporters.JUnitReportReporter -->
<testsuite hostname="Bender-ПК" name="com.qtpselenium.suiteProductDisplay.TestCase_C1" tests="1" failures="1" timestamp="29 Apr 2015 05:49:22 GMT" time="0.000" errors="0">
  <testcase name="testCase_C1" time="0.000" classname="com.qtpselenium.suiteProductDisplay.TestCase_C1">
    <failure type="org.testng.TestNGException" message="
The data provider is trying to pass 4 parameters but the method com.qtpselenium.suiteProductDisplay.TestCase_C1#testCase_C1 takes 0">
      <![CDATA[org.testng.TestNGException: 
The data provider is trying to pass 4 parameters but the method com.qtpselenium.suiteProductDisplay.TestCase_C1#testCase_C1 takes 0
	at org.testng.internal.Invoker.injectParameters(Invoker.java:1337)
	at org.testng.internal.Invoker.invokeTestMethods(Invoker.java:1225)
	at org.testng.internal.TestMethodWorker.invokeTestMethods(TestMethodWorker.java:127)
	at org.testng.internal.TestMethodWorker.run(TestMethodWorker.java:111)
	at org.testng.TestRunner.privateRun(TestRunner.java:767)
	at org.testng.TestRunner.run(TestRunner.java:617)
	at org.testng.SuiteRunner.runTest(SuiteRunner.java:334)
	at org.testng.SuiteRunner.runSequentially(SuiteRunner.java:329)
	at org.testng.SuiteRunner.privateRun(SuiteRunner.java:291)
	at org.testng.SuiteRunner.run(SuiteRunner.java:240)
	at org.testng.SuiteRunnerWorker.runSuite(SuiteRunnerWorker.java:52)
	at org.testng.SuiteRunnerWorker.run(SuiteRunnerWorker.java:86)
	at org.testng.TestNG.runSuitesSequentially(TestNG.java:1224)
	at org.testng.TestNG.runSuitesSequentially(TestNG.java:1220)
	at org.testng.TestNG.runSuitesLocally(TestNG.java:1149)
	at org.testng.TestNG.run(TestNG.java:1057)
	at org.testng.TestNG.privateMain(TestNG.java:1364)
	at org.testng.TestNG.main(TestNG.java:1333)
]]>
    </failure>
  </testcase> <!-- testCase_C1 -->
</testsuite> <!-- com.qtpselenium.suiteProductDisplay.TestCase_C1 -->
